# JRE version: OpenJDK Runtime Environment (17.0.6) (build 17.0.6+0-b2043.56-9586694)
# Java VM: OpenJDK 64-Bit Server VM (17.0.6+0-b2043.56-9586694, mixed mode, tiered, compressed oops, compressed class ptrs, g1 gc, windows-amd64)
GC Precious Log:
 CPUs: 4 total, 4 available
 Memory: 3911M
 Large Page Support: Disabled
 NUMA Support: Disabled
 Compressed Oops: Enabled (32-bit)
 Heap Region Size: 1M
 Heap Min Capacity: 8M
 Heap Initial Capacity: 62M
 Heap Max Capacity: 2G
 Pre-touch: Disabled
 Parallel Workers: 4
 Concurrent Workers: 1
 Concurrent Refinement Workers: 4
 Periodic GC: Disabled
Heap:
 garbage-first heap   total 111616K, used 63932K [0x0000000080000000, 0x0000000100000000)
  region size 1024K, 3 young (3072K), 3 survivors (3072K)
 Metaspace       used 64009K, committed 64640K, reserved 1105920K
  class space    used 8476K, committed 8768K, reserved 1048576K
GC Heap History (20 events):
Event: 10.508 GC heap after
{Heap after GC invocations=22 (full 0):
 garbage-first heap   total 83968K, used 47087K [0x0000000080000000, 0x0000000100000000)
  region size 1024K, 2 young (2048K), 2 survivors (2048K)
 Metaspace       used 51240K, committed 51712K, reserved 1097728K
  class space    used 6734K, committed 6976K, reserved 1048576K
}
Event: 10.911 GC heap before
{Heap before GC invocations=22 (full 0):
 garbage-first heap   total 83968K, used 62447K [0x0000000080000000, 0x0000000100000000)
  region size 1024K, 17 young (17408K), 2 survivors (2048K)
 Metaspace       used 53589K, committed 54144K, reserved 1097728K
  class space    used 7058K, committed 7296K, reserved 1048576K
}
Event: 10.915 GC heap after
{Heap after GC invocations=23 (full 0):
 garbage-first heap   total 83968K, used 48409K [0x0000000080000000, 0x0000000100000000)
  region size 1024K, 3 young (3072K), 3 survivors (3072K)
 Metaspace       used 53589K, committed 54144K, reserved 1097728K
  class space    used 7058K, committed 7296K, reserved 1048576K
}
Event: 11.205 GC heap before
{Heap before GC invocations=24 (full 0):
 garbage-first heap   total 87040K, used 64793K [0x0000000080000000, 0x0000000100000000)
  region size 1024K, 19 young (19456K), 3 survivors (3072K)
 Metaspace       used 54953K, committed 55488K, reserved 1097728K
  class space    used 7265K, committed 7488K, reserved 1048576K
}
Event: 11.211 GC heap after
{Heap after GC invocations=25 (full 0):
 garbage-first heap   total 87040K, used 49856K [0x0000000080000000, 0x0000000100000000)
  region size 1024K, 3 young (3072K), 3 survivors (3072K)
 Metaspace       used 54953K, committed 55488K, reserved 1097728K
  class space    used 7265K, committed 7488K, reserved 1048576K
}
Event: 11.537 GC heap before
{Heap before GC invocations=25 (full 0):
 garbage-first heap   total 87040K, used 68288K [0x0000000080000000, 0x0000000100000000)
  region size 1024K, 21 young (21504K), 3 survivors (3072K)
 Metaspace       used 56846K, committed 57408K, reserved 1105920K
  class space    used 7611K, committed 7872K, reserved 1048576K
}
Event: 11.544 GC heap after
{Heap after GC invocations=26 (full 0):
 garbage-first heap   total 104448K, used 51303K [0x0000000080000000, 0x0000000100000000)
  region size 1024K, 3 young (3072K), 3 survivors (3072K)
 Metaspace       used 56846K, committed 57408K, reserved 1105920K
  class space    used 7611K, committed 7872K, reserved 1048576K
}
Event: 12.341 GC heap before
{Heap before GC invocations=27 (full 0):
 garbage-first heap   total 104448K, used 77927K [0x0000000080000000, 0x0000000100000000)
  region size 1024K, 30 young (30720K), 3 survivors (3072K)
 Metaspace       used 61410K, committed 62080K, reserved 1105920K
  class space    used 8229K, committed 8576K, reserved 1048576K
}
Event: 12.350 GC heap after
{Heap after GC invocations=28 (full 0):
 garbage-first heap   total 104448K, used 54197K [0x0000000080000000, 0x0000000100000000)
  region size 1024K, 4 young (4096K), 4 survivors (4096K)
 Metaspace       used 61410K, committed 62080K, reserved 1105920K
  class space    used 8229K, committed 8576K, reserved 1048576K
}
Event: 13.348 GC heap before
{Heap before GC invocations=28 (full 0):
 garbage-first heap   total 104448K, used 79797K [0x0000000080000000, 0x0000000100000000)
  region size 1024K, 30 young (30720K), 4 survivors (4096K)
 Metaspace       used 62033K, committed 62656K, reserved 1105920K
  class space    used 8293K, committed 8576K, reserved 1048576K
}
Event: 13.357 GC heap after
{Heap after GC invocations=29 (full 0):
 garbage-first heap   total 104448K, used 56872K [0x0000000080000000, 0x0000000100000000)
  region size 1024K, 3 young (3072K), 3 survivors (3072K)
 Metaspace       used 62033K, committed 62656K, reserved 1105920K
  class space    used 8293K, committed 8576K, reserved 1048576K
}
Event: 14.036 GC heap before
{Heap before GC invocations=30 (full 0):
 garbage-first heap   total 104448K, used 82472K [0x0000000080000000, 0x0000000100000000)
  region size 1024K, 28 young (28672K), 3 survivors (3072K)
 Metaspace       used 62326K, committed 62976K, reserved 1105920K
  class space    used 8293K, committed 8576K, reserved 1048576K
}
Event: 14.042 GC heap after
{Heap after GC invocations=31 (full 0):
 garbage-first heap   total 104448K, used 59043K [0x0000000080000000, 0x0000000100000000)
  region size 1024K, 2 young (2048K), 2 survivors (2048K)
 Metaspace       used 62326K, committed 62976K, reserved 1105920K
  class space    used 8293K, committed 8576K, reserved 1048576K
}
Event: 14.680 GC heap before
{Heap before GC invocations=31 (full 0):
 garbage-first heap   total 104448K, used 82595K [0x0000000080000000, 0x0000000100000000)
  region size 1024K, 26 young (26624K), 2 survivors (2048K)
 Metaspace       used 62875K, committed 63488K, reserved 1105920K
  class space    used 8334K, committed 8704K, reserved 1048576K
}
Event: 14.689 GC heap after
{Heap after GC invocations=32 (full 0):
 garbage-first heap   total 104448K, used 60902K [0x0000000080000000, 0x0000000100000000)
  region size 1024K, 4 young (4096K), 4 survivors (4096K)
 Metaspace       used 62875K, committed 63488K, reserved 1105920K
  class space    used 8334K, committed 8704K, reserved 1048576K
}
Event: 15.320 GC heap before
{Heap before GC invocations=33 (full 0):
 garbage-first heap   total 111616K, used 83430K [0x0000000080000000, 0x0000000100000000)
  region size 1024K, 27 young (27648K), 4 survivors (4096K)
 Metaspace       used 62982K, committed 63680K, reserved 1105920K
  class space    used 8333K, committed 8704K, reserved 1048576K
}
Event: 15.338 GC heap after
{Heap after GC invocations=34 (full 0):
 garbage-first heap   total 111616K, used 62414K [0x0000000080000000, 0x0000000100000000)
  region size 1024K, 4 young (4096K), 4 survivors (4096K)
 Metaspace       used 62982K, committed 63680K, reserved 1105920K
  class space    used 8333K, committed 8704K, reserved 1048576K
}
Event: 15.384 GC heap before
{Heap before GC invocations=34 (full 0):
 garbage-first heap   total 111616K, used 62414K [0x0000000080000000, 0x0000000100000000)
  region size 1024K, 5 young (5120K), 4 survivors (4096K)
 Metaspace       used 62984K, committed 63680K, reserved 1105920K
  class space    used 8333K, committed 8704K, reserved 1048576K
}
Event: 15.396 GC heap after
{Heap after GC invocations=35 (full 0):
 garbage-first heap   total 111616K, used 62343K [0x0000000080000000, 0x0000000100000000)
  region size 1024K, 1 young (1024K), 1 survivors (1024K)
 Metaspace       used 62984K, committed 63680K, reserved 1105920K
  class space    used 8333K, committed 8704K, reserved 1048576K
}
Event: 15.959 GC heap before
{Heap before GC invocations=35 (full 0):
 garbage-first heap   total 111616K, used 89991K [0x0000000080000000, 0x0000000100000000)
  region size 1024K, 29 young (29696K), 1 survivors (1024K)
 Metaspace       used 64009K, committed 64640K, reserved 1105920K
  class space    used 8476K, committed 8768K, reserved 1048576K
}

