# JRE version: OpenJDK Runtime Environment (17.0.6) (build 17.0.6+0-b2043.56-9586694)
# Java VM: OpenJDK 64-Bit Server VM (17.0.6+0-b2043.56-9586694, mixed mode, tiered, compressed oops, compressed class ptrs, g1 gc, windows-amd64)
GC Precious Log:
 CPUs: 4 total, 4 available
 Memory: 3911M
 Large Page Support: Disabled
 NUMA Support: Disabled
 Compressed Oops: Enabled (32-bit)
 Heap Region Size: 1M
 Heap Min Capacity: 8M
 Heap Initial Capacity: 62M
 Heap Max Capacity: 2G
 Pre-touch: Disabled
 Parallel Workers: 4
 Concurrent Workers: 1
 Concurrent Refinement Workers: 4
 Periodic GC: Disabled
Heap:
 garbage-first heap   total 92160K, used 57427K [0x0000000080000000, 0x0000000100000000)
  region size 1024K, 4 young (4096K), 2 survivors (2048K)
 Metaspace       used 61940K, committed 62592K, reserved 1105920K
  class space    used 8270K, committed 8640K, reserved 1048576K
GC Heap History (20 events):
Event: 9.461 GC heap before
{Heap before GC invocations=12 (full 0):
 garbage-first heap   total 63488K, used 47664K [0x0000000080000000, 0x0000000100000000)
  region size 1024K, 26 young (26624K), 2 survivors (2048K)
 Metaspace       used 39132K, committed 39488K, reserved 1089536K
  class space    used 5303K, committed 5504K, reserved 1048576K
}
Event: 9.470 GC heap after
{Heap after GC invocations=13 (full 0):
 garbage-first heap   total 63488K, used 24190K [0x0000000080000000, 0x0000000100000000)
  region size 1024K, 3 young (3072K), 3 survivors (3072K)
 Metaspace       used 39132K, committed 39488K, reserved 1089536K
  class space    used 5303K, committed 5504K, reserved 1048576K
}
Event: 10.270 GC heap before
{Heap before GC invocations=13 (full 0):
 garbage-first heap   total 63488K, used 47742K [0x0000000080000000, 0x0000000100000000)
  region size 1024K, 27 young (27648K), 3 survivors (3072K)
 Metaspace       used 45481K, committed 45824K, reserved 1089536K
  class space    used 5956K, committed 6080K, reserved 1048576K
}
Event: 10.280 GC heap after
{Heap after GC invocations=14 (full 0):
 garbage-first heap   total 63488K, used 28181K [0x0000000080000000, 0x0000000100000000)
  region size 1024K, 4 young (4096K), 4 survivors (4096K)
 Metaspace       used 45481K, committed 45824K, reserved 1089536K
  class space    used 5956K, committed 6080K, reserved 1048576K
}
Event: 10.734 GC heap before
{Heap before GC invocations=14 (full 0):
 garbage-first heap   total 63488K, used 47637K [0x0000000080000000, 0x0000000100000000)
  region size 1024K, 24 young (24576K), 4 survivors (4096K)
 Metaspace       used 45925K, committed 46208K, reserved 1089536K
  class space    used 6014K, committed 6144K, reserved 1048576K
}
Event: 10.743 GC heap after
{Heap after GC invocations=15 (full 0):
 garbage-first heap   total 92160K, used 31970K [0x0000000080000000, 0x0000000100000000)
  region size 1024K, 3 young (3072K), 3 survivors (3072K)
 Metaspace       used 45925K, committed 46208K, reserved 1089536K
  class space    used 6014K, committed 6144K, reserved 1048576K
}
Event: 11.852 GC heap before
{Heap before GC invocations=15 (full 0):
 garbage-first heap   total 92160K, used 73954K [0x0000000080000000, 0x0000000100000000)
  region size 1024K, 38 young (38912K), 3 survivors (3072K)
 Metaspace       used 50094K, committed 50560K, reserved 1097728K
  class space    used 6566K, committed 6784K, reserved 1048576K
}
Event: 11.860 GC heap after
{Heap after GC invocations=16 (full 0):
 garbage-first heap   total 92160K, used 46264K [0x0000000080000000, 0x0000000100000000)
  region size 1024K, 5 young (5120K), 5 survivors (5120K)
 Metaspace       used 50094K, committed 50560K, reserved 1097728K
  class space    used 6566K, committed 6784K, reserved 1048576K
}
Event: 13.095 GC heap before
{Heap before GC invocations=16 (full 0):
 garbage-first heap   total 92160K, used 71864K [0x0000000080000000, 0x0000000100000000)
  region size 1024K, 30 young (30720K), 5 survivors (5120K)
 Metaspace       used 53277K, committed 53760K, reserved 1097728K
  class space    used 7001K, committed 7232K, reserved 1048576K
}
Event: 13.101 GC heap after
{Heap after GC invocations=17 (full 0):
 garbage-first heap   total 92160K, used 48763K [0x0000000080000000, 0x0000000100000000)
  region size 1024K, 3 young (3072K), 3 survivors (3072K)
 Metaspace       used 53277K, committed 53760K, reserved 1097728K
  class space    used 7001K, committed 7232K, reserved 1048576K
}
Event: 14.023 GC heap before
{Heap before GC invocations=18 (full 0):
 garbage-first heap   total 92160K, used 72315K [0x0000000080000000, 0x0000000100000000)
  region size 1024K, 26 young (26624K), 3 survivors (3072K)
 Metaspace       used 55118K, committed 55680K, reserved 1097728K
  class space    used 7284K, committed 7552K, reserved 1048576K
}
Event: 14.031 GC heap after
{Heap after GC invocations=19 (full 0):
 garbage-first heap   total 92160K, used 50541K [0x0000000080000000, 0x0000000100000000)
  region size 1024K, 2 young (2048K), 2 survivors (2048K)
 Metaspace       used 55118K, committed 55680K, reserved 1097728K
  class space    used 7284K, committed 7552K, reserved 1048576K
}
Event: 14.905 GC heap before
{Heap before GC invocations=19 (full 0):
 garbage-first heap   total 92160K, used 73069K [0x0000000080000000, 0x0000000100000000)
  region size 1024K, 25 young (25600K), 2 survivors (2048K)
 Metaspace       used 58301K, committed 58944K, reserved 1105920K
  class space    used 7843K, committed 8192K, reserved 1048576K
}
Event: 14.913 GC heap after
{Heap after GC invocations=20 (full 0):
 garbage-first heap   total 92160K, used 52602K [0x0000000080000000, 0x0000000100000000)
  region size 1024K, 4 young (4096K), 4 survivors (4096K)
 Metaspace       used 58301K, committed 58944K, reserved 1105920K
  class space    used 7843K, committed 8192K, reserved 1048576K
}
Event: 16.424 GC heap before
{Heap before GC invocations=21 (full 0):
 garbage-first heap   total 92160K, used 74106K [0x0000000080000000, 0x0000000100000000)
  region size 1024K, 26 young (26624K), 4 survivors (4096K)
 Metaspace       used 61698K, committed 62336K, reserved 1105920K
  class space    used 8244K, committed 8576K, reserved 1048576K
}
Event: 16.440 GC heap after
{Heap after GC invocations=22 (full 0):
 garbage-first heap   total 92160K, used 54748K [0x0000000080000000, 0x0000000100000000)
  region size 1024K, 4 young (4096K), 4 survivors (4096K)
 Metaspace       used 61698K, committed 62336K, reserved 1105920K
  class space    used 8244K, committed 8576K, reserved 1048576K
}
Event: 16.542 GC heap before
{Heap before GC invocations=22 (full 0):
 garbage-first heap   total 92160K, used 55772K [0x0000000080000000, 0x0000000100000000)
  region size 1024K, 5 young (5120K), 4 survivors (4096K)
 Metaspace       used 61771K, committed 62400K, reserved 1105920K
  class space    used 8254K, committed 8576K, reserved 1048576K
}
Event: 16.557 GC heap after
{Heap after GC invocations=23 (full 0):
 garbage-first heap   total 92160K, used 54939K [0x0000000080000000, 0x0000000100000000)
  region size 1024K, 1 young (1024K), 1 survivors (1024K)
 Metaspace       used 61771K, committed 62400K, reserved 1105920K
  class space    used 8254K, committed 8576K, reserved 1048576K
}
Event: 17.334 GC heap before
{Heap before GC invocations=23 (full 0):
 garbage-first heap   total 92160K, used 73371K [0x0000000080000000, 0x0000000100000000)
  region size 1024K, 20 young (20480K), 1 survivors (1024K)
 Metaspace       used 61945K, committed 62592K, reserved 1105920K
  class space    used 8272K, committed 8640K, reserved 1048576K
}
Event: 17.338 GC heap after
{Heap after GC invocations=24 (full 0):
 garbage-first heap   total 92160K, used 56403K [0x0000000080000000, 0x0000000100000000)
  region size 1024K, 2 young (2048K), 2 survivors (2048K)
 Metaspace       used 61945K, committed 62592K, reserved 1105920K
  class space    used 8272K, committed 8640K, reserved 1048576K
}

